<?xml version="1.0" encoding="UTF-8"?>
<testsuite name="com.thoughtworks.collection.StreamReduceTest" tests="1" skipped="0" failures="0" errors="0" timestamp="2022-08-31T06:58:38" hostname="DESKTOP-C2H3UUK" time="0.015">
  <properties/>
  <testcase name="should_return_last_odd_element()" classname="com.thoughtworks.collection.StreamReduceTest" time="0.015"/>
  <system-out><![CDATA[]]></system-out>
  <system-err><![CDATA[]]></system-err>
</testsuite>
